Command line invocation:
    /Applications/Xcode.app/Contents/Developer/usr/bin/xcodebuild -project "SMART Planning.xcodeproj" -scheme "SMART Planning" -configuration Debug -destination generic/platform=iOS build

Resolve Package Graph


Resolved source packages:
  JTAppleCalendar: https://github.com/patchthecode/JTAppleCalendar @ 8.0.5

ComputePackagePrebuildTargetDependencyGraph

Prepare packages

CreateBuildRequest

SendProjectDescription

CreateBuildOperation

ComputeTargetDependencyGraph
note: Building targets in dependency order
note: Target dependency graph (3 targets)
    Target 'SMART Planning' in project 'SMART Planning'
        ➜ Explicit dependency on target 'JTAppleCalendar' in project 'JTAppleCalendar'
    Target 'JTAppleCalendar' in project 'JTAppleCalendar'
        ➜ Explicit dependency on target 'JTAppleCalendar' in project 'JTAppleCalendar'
    Target 'JTAppleCalendar' in project 'JTAppleCalendar' (no dependencies)

GatherProvisioningInputs

CreateBuildDescription

ClangStatCache /Applications/Xcode.app/Contents/Developer/Toolchains/XcodeDefault.xctoolchain/usr/bin/clang-stat-cache /Applications/Xcode.app/Contents/Developer/Platforms/iPhoneOS.platform/Developer/SDKs/iPhoneOS18.5.sdk /Users/romankavinskyi/Library/Developer/Xcode/DerivedData/SDKStatCaches.noindex/iphoneos18.5-22F76-7fa4eea80a99bbfdc046826b63ec4baf.sdkstatcache
    cd /Users/romankavinskyi/Documents/Development/My\ Apps/SMART\ Planning/SMART\ Planning.xcodeproj
    /Applications/Xcode.app/Contents/Developer/Toolchains/XcodeDefault.xctoolchain/usr/bin/clang-stat-cache /Applications/Xcode.app/Contents/Developer/Platforms/iPhoneOS.platform/Developer/SDKs/iPhoneOS18.5.sdk -o /Users/romankavinskyi/Library/Developer/Xcode/DerivedData/SDKStatCaches.noindex/iphoneos18.5-22F76-7fa4eea80a99bbfdc046826b63ec4baf.sdkstatcache

** BUILD SUCCEEDED **

